<?xml version="1.0" encoding="UTF-8"?>
<testsuite xmlns:xsi="http://www.w3.org/2001/XMLSchema-instance" xsi:noNamespaceSchemaLocation="https://maven.apache.org/surefire/maven-surefire-plugin/xsd/surefire-test-report-3.0.xsd" version="3.0" name="com.example.timisoaratw.TimisoaraTwApplicationTests" time="6.304" tests="1" errors="0" skipped="0" failures="0">
  <properties>
[...]
</properties>
  <testcase name="contextLoads" classname="com.example.timisoaratw.TimisoaraTwApplicationTests" time="1.896">
    <system-out><![CDATA[23:50:48.891 [main] INFO org.springframework.test.context.support.AnnotationConfigContextLoaderUtils -- Could not detect default configuration classes for test class [com.example.timisoaratw.TimisoaraTwApplicationTests]: TimisoaraTwApplicationTests does not declare any static, non-private, non-final, nested classes annotated with @Configuration.
23:50:49.069 [main] INFO org.springframework.boot.test.context.SpringBootTestContextBootstrapper -- Found @SpringBootConfiguration com.example.timisoaratw.TimisoaraTwApplication for test class com.example.timisoaratw.TimisoaraTwApplicationTests

  .   ____          _            __ _ _
 /\\ / ___'_ __ _ _(_)_ __  __ _ \ \ \ \
( ( )\___ | '_ | '_| | '_ \/ _` | \ \ \ \
 \\/  ___)| |_)| | | | | || (_| |  ) ) ) )
  '  |____| .__|_| |_|_| |_\__, | / / / /
 =========|_|==============|___/=/_/_/_/
 :: Spring Boot ::                (v3.2.1)

2024-01-15T23:50:49.852-12:00  INFO 4544 --- [           main] c.e.t.TimisoaraTwApplicationTests        : Starting TimisoaraTwApplicationTests using Java 19.0.2 with PID 4544 (started by Luciano in C:\Users\Luciano\Desktop\TimisoaraTW)
2024-01-15T23:50:49.855-12:00  INFO 4544 --- [           main] c.e.t.TimisoaraTwApplicationTests        : No active profile set, falling back to 1 default profile: "default"
2024-01-15T23:50:52.773-12:00  INFO 4544 --- [           main] c.e.t.TimisoaraTwApplicationTests        : Started TimisoaraTwApplicationTests in 3.382 seconds (process running for 5.495)
]]></system-out>
  </testcase>
</testsuite>